Arguments: 
  C:\Program Files\nodejs\node.exe C:\Program Files (x86)\Yarn\bin\yarn.js install

PATH: 
  C:\Users\VORTEX\AppData\Local\Temp\yarn--1724847966211-0.781153370963281;C:\Users\VORTEX\AppData\Local\Yarn\Data\global\node_modules\.bin;C:\Users\VORTEX\AppData\Local\Yarn\Data\link\node_modules\.bin;C:\Users\VORTEX\AppData\Local\Yarn\bin;C:\Program Files\libexec\lib\node_modules\npm\bin\node-gyp-bin;C:\Program Files\lib\node_modules\npm\bin\node-gyp-bin;C:\Program Files\nodejs\node_modules\npm\bin\node-gyp-bin;C:\Program Files\Common Files\Oracle\Java\javapath;C:\Program Files (x86)\Common Files\Oracle\Java\javapath;C:\WINDOWS\system32;C:\WINDOWS;C:\WINDOWS\System32\Wbem;C:\WINDOWS\System32\WindowsPowerShell\v1.0\;C:\WINDOWS\System32\OpenSSH\;C:\Program Files\Go\bin;C:\Program Files\gettext-iconv\bin;C:\flutter\bin;C:\Program Files (x86)\Java\jdk-1\bin;C:\Program Files (x86)\Java\jre-1.8\bin;C:\Program Files (x86)\Mailhog\;C:\flutter\bin\;C:\Program Files\Microsoft SQL Server\150\Tools\Binn\;C:\Program Files\Microsoft SQL Server\Client SDK\ODBC\170\Tools\Binn\;C:\Program Files\dotnet\;C:\Program Files (x86)\Windows Kits\10\Windows Performance Toolkit\;C:\gradle\gradle-8.4\bin;C:\Strawberry\c\bin;C:\Strawberry\perl\site\bin;C:\Strawberry\perl\bin;C:\Program Files (x86)\Yarn\bin\;C:\Users\VORTEX\AppData\Local\Programs\cursor;C:\xampp\php;C:\ngrok;C:\Users\VORTEX\AppData\Roaming\npm;C:\Users\VORTEX\AppData\Local\Programs\Microsoft VS Code;C:\Program Files\Microsoft SQL Server\110\Tools\Binn\;C:\Program Files\nodejs\;C:\Program Files (x86)\cmder;C:\Users\VORTEX\AppData\Local\Programs\Python\Python311\Scripts;C:\Program Files (x86)\Boxcryptor\bin\;C:\Program Files\Git\cmd;C:\Program Files\Common Files\Oracle\Java\javapath;C:\Program Files (x86)\Common Files\Oracle\Java\javapath;C:\Windows\system32;C:\Windows;C:\Windows\System32\Wbem;C:\Windows\System32\WindowsPowerShell\v1.0\;C:\Windows\System32\OpenSSH\;C:\Program Files\Git\cmd;C:\Program Files\Go\bin;C:\Program Files\gettext-iconv\bin;C:\flutter\bin;C:\Program Files (x86)\Java\jdk-17\bin;C:\Program Files (x86)\Java\jre-1.8\bin;C:\Program Files (x86)\Mailhog\;C:\flutter\bin\;C:\Program Files\Microsoft SQL Server\150\Tools\Binn\;C:\Program Files\Microsoft SQL Server\Client SDK\ODBC\170\Tools\Binn\;C:\Program Files\dotnet\;C:\Program Files (x86)\Windows Kits\10\Windows Performance Toolkit\;C:\gradle\gradle-8.4\bin;C:\Strawberry\c\bin;C:\Strawberry\perl\site\bin;C:\Strawberry\perl\bin;C:\Program Files\nodejs\;C:\Program Files (x86)\Yarn\bin\;C:\Users\VORTEX\AppData\Local\Programs\cursor;C:\xampp\php;C:\ngrok;C:\Program Files\Docker\Docker\resources\bin;C:\Program Files\Common Files\Oracle\Java\javapath;C:\Users\VORTEX\AppData\Lo;C:\Users\VORTEX\AppData\Local\Programs\Microsoft VS Code\bin;C:\Users\VORTEX\AppData\Local\GitHubDesktop\bin;C:\Users\VORTEX\AppData\Local\Programs\Python\Python311\Scripts;

Yarn version: 
  1.22.19

Node version: 
  20.11.1

Platform: 
  win32 x64

Trace: 
  Error: ENOENT: no such file or directory, open 'C:\Users\VORTEX\AppData\Local\Yarn\Cache\v6\npm-cli-boxes-3.0.0-71a10c716feeba005e4504f36329ef0b17cf3145-integrity\node_modules\cli-boxes\.yarn-tarball.tgz'

npm manifest: 
  {
    "name": "frontend",
    "type": "module",
    "version": "0.0.1",
    "scripts": {
      "dev": "astro dev",
      "start": "astro dev",
      "build": "astro check && astro build",
      "preview": "astro preview",
      "astro": "astro"
    },
    "dependencies": {
      "astro": "^4.14.6",
      "@astrojs/check": "^0.9.3",
      "typescript": "^5.5.4"
    }
  }

yarn manifest: 
  No manifest

Lockfile: 
  
